2025-01-03 18:21:20,628-DEBUG-__main__-URL = https://slack.com/api/conversations.list
2025-01-03 18:21:20,628-DEBUG-__main__-Status code = 200
2025-01-03 18:21:20,629-INFO-__main__-JSON Data = {
    "ok": true,
    "channels": [
        {
            "id": "C086YFY7L4W",
            "name": "all-sacumen",
            "is_channel": true,
            "is_group": false,
            "is_im": false,
            "is_mpim": false,
            "is_private": false,
            "created": 1735880164,
            "is_archived": false,
            "is_general": true,
            "unlinked": 0,
            "name_normalized": "all-sacumen",
            "is_shared": false,
            "is_org_shared": false,
            "is_pending_ext_shared": false,
            "pending_shared": [],
            "context_team_id": "T086QJLMH2T",
            "updated": 1735880193380,
            "parent_conversation": null,
            "creator": "U087HR246Q1",
            "is_ext_shared": false,
            "shared_team_ids": [
                "T086QJLMH2T"
            ],
            "pending_connected_team_ids": [],
            "is_member": false,
            "topic": {
                "value": "",
                "creator": "",
                "last_set": 0
            },
            "purpose": {
                "value": "Share announcements and updates about company news, upcoming events, or teammates who deserve some kudos. \u2b50",
                "creator": "U087HR246Q1",
                "last_set": 1735880164
            },
            "properties": {
                "canvas": {
                    "file_id": "F086YFY8Q8N",
                    "is_empty": false,
                    "quip_thread_id": "ADC9AASUzBD"
                },
                "use_case": "welcome"
            },
            "previous_names": [
                "all-slack"
            ],
            "num_members": 5
        },
        {
            "id": "C0877L7ATQU",
            "name": "onboarding-kt",
            "is_channel": true,
            "is_group": false,
            "is_im": false,
            "is_mpim": false,
            "is_private": false,
            "created": 1735880439,
            "is_archived": false,
            "is_general": false,
            "unlinked": 0,
            "name_normalized": "onboarding-kt",
            "is_shared": false,
            "is_org_shared": false,
            "is_pending_ext_shared": false,
            "pending_shared": [],
            "context_team_id": "T086QJLMH2T",
            "updated": 1735880440278,
            "parent_conversation": null,
            "creator": "U087HR246Q1",
            "is_ext_shared": false,
            "shared_team_ids": [
                "T086QJLMH2T"
            ],
            "pending_connected_team_ids": [],
            "is_member": false,
            "topic": {
                "value": "",
                "creator": "",
                "last_set": 0
            },
            "purpose": {
                "value": "This channel is for everything #onboarding-kt. Hold meetings, share docs, and make decisions together with your team.",
                "creator": "U087HR246Q1",
                "last_set": 1735880439
            },
            "properties": {
                "canvas": {
                    "file_id": "F086QJXCQJK",
                    "quip_thread_id": "GdK9AAjw8bv"
                },
                "use_case": "project"
            },
            "previous_names": [],
            "num_members": 5
        },
        {
            "id": "C087HR2519P",
            "name": "social",
            "is_channel": true,
            "is_group": false,
            "is_im": false,
            "is_mpim": false,
            "is_private": false,
            "created": 1735880164,
            "is_archived": false,
            "is_general": false,
            "unlinked": 0,
            "name_normalized": "social",
            "is_shared": false,
            "is_org_shared": false,
            "is_pending_ext_shared": false,
            "pending_shared": [],
            "context_team_id": "T086QJLMH2T",
            "updated": 1735880167793,
            "parent_conversation": null,
            "creator": "U087HR246Q1",
            "is_ext_shared": false,
            "shared_team_ids": [
                "T086QJLMH2T"
            ],
            "pending_connected_team_ids": [],
            "is_member": false,
            "topic": {
                "value": "",
                "creator": "",
                "last_set": 0
            },
            "purpose": {
                "value": "Other channels are for work. This one\u2019s just for fun. Get to know your teammates and show your lighter side. \ud83c\udf88",
                "creator": "U087HR246Q1",
                "last_set": 1735880164
            },
            "properties": {
                "canvas": {
                    "file_id": "F087TUQJXCY",
                    "is_empty": false,
                    "quip_thread_id": "aCY9AA8dEYo"
                },
                "use_case": "random"
            },
            "previous_names": [],
            "num_members": 5
        }
    ],
    "response_metadata": {
        "next_cursor": ""
    }
}
2025-01-03 18:21:21,140-DEBUG-__main__-URL = https://slack.com/api/users.list
2025-01-03 18:21:21,140-DEBUG-__main__-Status code = 200
2025-01-03 18:21:21,142-INFO-__main__-JSON Data = {
    "ok": true,
    "members": [
        {
            "id": "USLACKBOT",
            "team_id": "T086QJLMH2T",
            "name": "slackbot",
            "deleted": false,
            "color": "757575",
            "real_name": "Slackbot",
            "tz": "America/Los_Angeles",
            "tz_label": "Pacific Standard Time",
            "tz_offset": -28800,
            "profile": {
                "title": "",
                "phone": "",
                "skype": "",
                "real_name": "Slackbot",
                "real_name_normalized": "Slackbot",
                "display_name": "Slackbot",
                "display_name_normalized": "Slackbot",
                "fields": {},
                "status_text": "",
                "status_emoji": "",
                "status_emoji_display_info": [],
                "status_expiration": 0,
                "avatar_hash": "sv41d8cd98f0",
                "always_active": true,
                "first_name": "slackbot",
                "last_name": "",
                "image_24": "https://a.slack-edge.com/80588/img/slackbot_24.png",
                "image_32": "https://a.slack-edge.com/80588/img/slackbot_32.png",
                "image_48": "https://a.slack-edge.com/80588/img/slackbot_48.png",
                "image_72": "https://a.slack-edge.com/80588/img/slackbot_72.png",
                "image_192": "https://a.slack-edge.com/80588/marketing/img/avatars/slackbot/avatar-slackbot.png",
                "image_512": "https://a.slack-edge.com/80588/img/slackbot_512.png",
                "status_text_canonical": "",
                "team": "T086QJLMH2T"
            },
            "is_admin": false,
            "is_owner": false,
            "is_primary_owner": false,
            "is_restricted": false,
            "is_ultra_restricted": false,
            "is_bot": false,
            "is_app_user": false,
            "updated": 0,
            "is_email_confirmed": false,
            "who_can_share_contact_card": "EVERYONE"
        },
        {
            "id": "U08729THU3X",
            "team_id": "T086QJLMH2T",
            "name": "sharonr.dsouza",
            "deleted": false,
            "color": "ea2977",
            "real_name": "Sharonr Dsouza",
            "tz": "Asia/Kolkata",
            "tz_label": "India Standard Time",
            "tz_offset": 19800,
            "profile": {
                "title": "",
                "phone": "",
                "skype": "",
                "real_name": "Sharonr Dsouza",
                "real_name_normalized": "Sharonr Dsouza",
                "display_name": "",
                "display_name_normalized": "",
                "fields": null,
                "status_text": "",
                "status_emoji": "",
                "status_emoji_display_info": [],
                "status_expiration": 0,
                "avatar_hash": "g4f65f14796f",
                "first_name": "Sharonr",
                "last_name": "Dsouza",
                "image_24": "https://secure.gravatar.com/avatar/4f65f14796fc336951c5c305f0c49f82.jpg?s=24&d=https%3A%2F%2Fa.slack-edge.com%2Fdf10d%2Fimg%2Favatars%2Fava_0010-24.png",
                "image_32": "https://secure.gravatar.com/avatar/4f65f14796fc336951c5c305f0c49f82.jpg?s=32&d=https%3A%2F%2Fa.slack-edge.com%2Fdf10d%2Fimg%2Favatars%2Fava_0010-32.png",
                "image_48": "https://secure.gravatar.com/avatar/4f65f14796fc336951c5c305f0c49f82.jpg?s=48&d=https%3A%2F%2Fa.slack-edge.com%2Fdf10d%2Fimg%2Favatars%2Fava_0010-48.png",
                "image_72": "https://secure.gravatar.com/avatar/4f65f14796fc336951c5c305f0c49f82.jpg?s=72&d=https%3A%2F%2Fa.slack-edge.com%2Fdf10d%2Fimg%2Favatars%2Fava_0010-72.png",
                "image_192": "https://secure.gravatar.com/avatar/4f65f14796fc336951c5c305f0c49f82.jpg?s=192&d=https%3A%2F%2Fa.slack-edge.com%2Fdf10d%2Fimg%2Favatars%2Fava_0010-192.png",
                "image_512": "https://secure.gravatar.com/avatar/4f65f14796fc336951c5c305f0c49f82.jpg?s=512&d=https%3A%2F%2Fa.slack-edge.com%2Fdf10d%2Fimg%2Favatars%2Fava_0010-512.png",
                "status_text_canonical": "",
                "team": "T086QJLMH2T"
            },
            "is_admin": false,
            "is_owner": false,
            "is_primary_owner": false,
            "is_restricted": false,
            "is_ultra_restricted": false,
            "is_bot": false,
            "is_app_user": false,
            "updated": 1735880454,
            "is_email_confirmed": false,
            "who_can_share_contact_card": "EVERYONE",
            "is_invited_user": true
        },
        {
            "id": "U08752F582F",
            "team_id": "T086QJLMH2T",
            "name": "rajendra.prasad",
            "deleted": false,
            "color": "dc7dbb",
            "real_name": "Rajendra Prasad",
            "tz": "Asia/Kolkata",
            "tz_label": "India Standard Time",
            "tz_offset": 19800,
            "profile": {
                "title": "",
                "phone": "",
                "skype": "",
                "real_name": "Rajendra Prasad",
                "real_name_normalized": "Rajendra Prasad",
                "display_name": "",
                "display_name_normalized": "",
                "fields": null,
                "status_text": "",
                "status_emoji": "",
                "status_emoji_display_info": [],
                "status_expiration": 0,
                "avatar_hash": "g990e4d8c8aa",
                "first_name": "Rajendra",
                "last_name": "Prasad",
                "image_24": "https://secure.gravatar.com/avatar/990e4d8c8aab4beb20e727a8e2c3c5c5.jpg?s=24&d=https%3A%2F%2Fa.slack-edge.com%2Fdf10d%2Fimg%2Favatars%2Fava_0018-24.png",
                "image_32": "https://secure.gravatar.com/avatar/990e4d8c8aab4beb20e727a8e2c3c5c5.jpg?s=32&d=https%3A%2F%2Fa.slack-edge.com%2Fdf10d%2Fimg%2Favatars%2Fava_0018-32.png",
                "image_48": "https://secure.gravatar.com/avatar/990e4d8c8aab4beb20e727a8e2c3c5c5.jpg?s=48&d=https%3A%2F%2Fa.slack-edge.com%2Fdf10d%2Fimg%2Favatars%2Fava_0018-48.png",
                "image_72": "https://secure.gravatar.com/avatar/990e4d8c8aab4beb20e727a8e2c3c5c5.jpg?s=72&d=https%3A%2F%2Fa.slack-edge.com%2Fdf10d%2Fimg%2Favatars%2Fava_0018-72.png",
                "image_192": "https://secure.gravatar.com/avatar/990e4d8c8aab4beb20e727a8e2c3c5c5.jpg?s=192&d=https%3A%2F%2Fa.slack-edge.com%2Fdf10d%2Fimg%2Favatars%2Fava_0018-192.png",
                "image_512": "https://secure.gravatar.com/avatar/990e4d8c8aab4beb20e727a8e2c3c5c5.jpg?s=512&d=https%3A%2F%2Fa.slack-edge.com%2Fdf10d%2Fimg%2Favatars%2Fava_0018-512.png",
                "status_text_canonical": "",
                "team": "T086QJLMH2T"
            },
            "is_admin": false,
            "is_owner": false,
            "is_primary_owner": false,
            "is_restricted": false,
            "is_ultra_restricted": false,
            "is_bot": false,
            "is_app_user": false,
            "updated": 1735880452,
            "is_email_confirmed": false,
            "who_can_share_contact_card": "EVERYONE",
            "is_invited_user": true
        },
        {
            "id": "U08754YDC4A",
            "team_id": "T086QJLMH2T",
            "name": "varsha.ramesh",
            "deleted": false,
            "color": "d55aef",
            "real_name": "Varsha Ramesh",
            "tz": "Asia/Kolkata",
            "tz_label": "India Standard Time",
            "tz_offset": 19800,
            "profile": {
                "title": "",
                "phone": "",
                "skype": "",
                "real_name": "Varsha Ramesh",
                "real_name_normalized": "Varsha Ramesh",
                "display_name": "",
                "display_name_normalized": "",
                "fields": null,
                "status_text": "",
                "status_emoji": "",
                "status_emoji_display_info": [],
                "status_expiration": 0,
                "avatar_hash": "gddaf5ddd326",
                "first_name": "Varsha",
                "last_name": "Ramesh",
                "image_24": "https://secure.gravatar.com/avatar/ddaf5ddd326ee6930402ac81d2472221.jpg?s=24&d=https%3A%2F%2Fa.slack-edge.com%2Fdf10d%2Fimg%2Favatars%2Fava_0006-24.png",
                "image_32": "https://secure.gravatar.com/avatar/ddaf5ddd326ee6930402ac81d2472221.jpg?s=32&d=https%3A%2F%2Fa.slack-edge.com%2Fdf10d%2Fimg%2Favatars%2Fava_0006-32.png",
                "image_48": "https://secure.gravatar.com/avatar/ddaf5ddd326ee6930402ac81d2472221.jpg?s=48&d=https%3A%2F%2Fa.slack-edge.com%2Fdf10d%2Fimg%2Favatars%2Fava_0006-48.png",
                "image_72": "https://secure.gravatar.com/avatar/ddaf5ddd326ee6930402ac81d2472221.jpg?s=72&d=https%3A%2F%2Fa.slack-edge.com%2Fdf10d%2Fimg%2Favatars%2Fava_0006-72.png",
                "image_192": "https://secure.gravatar.com/avatar/ddaf5ddd326ee6930402ac81d2472221.jpg?s=192&d=https%3A%2F%2Fa.slack-edge.com%2Fdf10d%2Fimg%2Favatars%2Fava_0006-192.png",
                "image_512": "https://secure.gravatar.com/avatar/ddaf5ddd326ee6930402ac81d2472221.jpg?s=512&d=https%3A%2F%2Fa.slack-edge.com%2Fdf10d%2Fimg%2Favatars%2Fava_0006-512.png",
                "status_text_canonical": "",
                "team": "T086QJLMH2T"
            },
            "is_admin": false,
            "is_owner": false,
            "is_primary_owner": false,
            "is_restricted": false,
            "is_ultra_restricted": false,
            "is_bot": false,
            "is_app_user": false,
            "updated": 1735880450,
            "is_email_confirmed": false,
            "who_can_share_contact_card": "EVERYONE",
            "is_invited_user": true
        },
        {
            "id": "U08759L3LR0",
            "team_id": "T086QJLMH2T",
            "name": "powerful_app",
            "deleted": false,
            "color": "d55aef",
            "real_name": "Powerful app",
            "tz": "America/Los_Angeles",
            "tz_label": "Pacific Standard Time",
            "tz_offset": -28800,
            "profile": {
                "title": "",
                "phone": "",
                "skype": "",
                "real_name": "Powerful app",
                "real_name_normalized": "Powerful app",
                "display_name": "",
                "display_name_normalized": "",
                "fields": null,
                "status_text": "",
                "status_emoji": "",
                "status_emoji_display_info": [],
                "status_expiration": 0,
                "avatar_hash": "g2e6f3a41d8a",
                "api_app_id": "A087U47B7LY",
                "always_active": true,
                "bot_id": "B0877QVFDLL",
                "first_name": "Powerful",
                "last_name": "app",
                "image_24": "https://secure.gravatar.com/avatar/2e6f3a41d8a8e0a3b61bbe753f47dac7.jpg?s=24&d=https%3A%2F%2Fa.slack-edge.com%2Fdf10d%2Fimg%2Favatars%2Fava_0000-24.png",
                "image_32": "https://secure.gravatar.com/avatar/2e6f3a41d8a8e0a3b61bbe753f47dac7.jpg?s=32&d=https%3A%2F%2Fa.slack-edge.com%2Fdf10d%2Fimg%2Favatars%2Fava_0000-32.png",
                "image_48": "https://secure.gravatar.com/avatar/2e6f3a41d8a8e0a3b61bbe753f47dac7.jpg?s=48&d=https%3A%2F%2Fa.slack-edge.com%2Fdf10d%2Fimg%2Favatars%2Fava_0000-48.png",
                "image_72": "https://secure.gravatar.com/avatar/2e6f3a41d8a8e0a3b61bbe753f47dac7.jpg?s=72&d=https%3A%2F%2Fa.slack-edge.com%2Fdf10d%2Fimg%2Favatars%2Fava_0000-72.png",
                "image_192": "https://secure.gravatar.com/avatar/2e6f3a41d8a8e0a3b61bbe753f47dac7.jpg?s=192&d=https%3A%2F%2Fa.slack-edge.com%2Fdf10d%2Fimg%2Favatars%2Fava_0000-192.png",
                "image_512": "https://secure.gravatar.com/avatar/2e6f3a41d8a8e0a3b61bbe753f47dac7.jpg?s=512&d=https%3A%2F%2Fa.slack-edge.com%2Fdf10d%2Fimg%2Favatars%2Fava_0000-512.png",
                "status_text_canonical": "",
                "team": "T086QJLMH2T"
            },
            "is_admin": false,
            "is_owner": false,
            "is_primary_owner": false,
            "is_restricted": false,
            "is_ultra_restricted": false,
            "is_bot": true,
            "is_app_user": false,
            "updated": 1735885102,
            "is_email_confirmed": false,
            "who_can_share_contact_card": "EVERYONE"
        },
        {
            "id": "U0877L7G6DS",
            "team_id": "T086QJLMH2T",
            "name": "shilpa.veeranagappa",
            "deleted": false,
            "color": "9e3997",
            "real_name": "Shilpa Veeranagappa",
            "tz": "Asia/Kolkata",
            "tz_label": "India Standard Time",
            "tz_offset": 19800,
            "profile": {
                "title": "",
                "phone": "",
                "skype": "",
                "real_name": "Shilpa Veeranagappa",
                "real_name_normalized": "Shilpa Veeranagappa",
                "display_name": "",
                "display_name_normalized": "",
                "fields": null,
                "status_text": "",
                "status_emoji": "",
                "status_emoji_display_info": [],
                "status_expiration": 0,
                "avatar_hash": "g3385c027697",
                "first_name": "Shilpa",
                "last_name": "Veeranagappa",
                "image_24": "https://secure.gravatar.com/avatar/3385c0276972590782e5b3d8f4f1745c.jpg?s=24&d=https%3A%2F%2Fa.slack-edge.com%2Fdf10d%2Fimg%2Favatars%2Fava_0019-24.png",
                "image_32": "https://secure.gravatar.com/avatar/3385c0276972590782e5b3d8f4f1745c.jpg?s=32&d=https%3A%2F%2Fa.slack-edge.com%2Fdf10d%2Fimg%2Favatars%2Fava_0019-32.png",
                "image_48": "https://secure.gravatar.com/avatar/3385c0276972590782e5b3d8f4f1745c.jpg?s=48&d=https%3A%2F%2Fa.slack-edge.com%2Fdf10d%2Fimg%2Favatars%2Fava_0019-48.png",
                "image_72": "https://secure.gravatar.com/avatar/3385c0276972590782e5b3d8f4f1745c.jpg?s=72&d=https%3A%2F%2Fa.slack-edge.com%2Fdf10d%2Fimg%2Favatars%2Fava_0019-72.png",
                "image_192": "https://secure.gravatar.com/avatar/3385c0276972590782e5b3d8f4f1745c.jpg?s=192&d=https%3A%2F%2Fa.slack-edge.com%2Fdf10d%2Fimg%2Favatars%2Fava_0019-192.png",
                "image_512": "https://secure.gravatar.com/avatar/3385c0276972590782e5b3d8f4f1745c.jpg?s=512&d=https%3A%2F%2Fa.slack-edge.com%2Fdf10d%2Fimg%2Favatars%2Fava_0019-512.png",
                "status_text_canonical": "",
                "team": "T086QJLMH2T"
            },
            "is_admin": false,
            "is_owner": false,
            "is_primary_owner": false,
            "is_restricted": false,
            "is_ultra_restricted": false,
            "is_bot": false,
            "is_app_user": false,
            "updated": 1735880443,
            "is_email_confirmed": false,
            "who_can_share_contact_card": "EVERYONE",
            "is_invited_user": true
        },
        {
            "id": "U087HR246Q1",
            "team_id": "T086QJLMH2T",
            "name": "sarfaraz.ahmad",
            "deleted": false,
            "color": "9d8eee",
            "real_name": "sarfaraz.\u200bahmad",
            "tz": "Asia/Kolkata",
            "tz_label": "India Standard Time",
            "tz_offset": 19800,
            "profile": {
                "title": "",
                "phone": "",
                "skype": "",
                "real_name": "sarfaraz.\u200bahmad",
                "real_name_normalized": "sarfaraz.\u200bahmad",
                "display_name": "",
                "display_name_normalized": "",
                "fields": null,
                "status_text": "",
                "status_emoji": "",
                "status_emoji_display_info": [],
                "status_expiration": 0,
                "avatar_hash": "g02d65a3115e",
                "first_name": "sarfaraz.\u200bahmad",
                "last_name": "",
                "image_24": "https://secure.gravatar.com/avatar/02d65a3115eba7e8adad3620b3fd6ff2.jpg?s=24&d=https%3A%2F%2Fa.slack-edge.com%2Fdf10d%2Fimg%2Favatars%2Fava_0014-24.png",
                "image_32": "https://secure.gravatar.com/avatar/02d65a3115eba7e8adad3620b3fd6ff2.jpg?s=32&d=https%3A%2F%2Fa.slack-edge.com%2Fdf10d%2Fimg%2Favatars%2Fava_0014-32.png",
                "image_48": "https://secure.gravatar.com/avatar/02d65a3115eba7e8adad3620b3fd6ff2.jpg?s=48&d=https%3A%2F%2Fa.slack-edge.com%2Fdf10d%2Fimg%2Favatars%2Fava_0014-48.png",
                "image_72": "https://secure.gravatar.com/avatar/02d65a3115eba7e8adad3620b3fd6ff2.jpg?s=72&d=https%3A%2F%2Fa.slack-edge.com%2Fdf10d%2Fimg%2Favatars%2Fava_0014-72.png",
                "image_192": "https://secure.gravatar.com/avatar/02d65a3115eba7e8adad3620b3fd6ff2.jpg?s=192&d=https%3A%2F%2Fa.slack-edge.com%2Fdf10d%2Fimg%2Favatars%2Fava_0014-192.png",
                "image_512": "https://secure.gravatar.com/avatar/02d65a3115eba7e8adad3620b3fd6ff2.jpg?s=512&d=https%3A%2F%2Fa.slack-edge.com%2Fdf10d%2Fimg%2Favatars%2Fava_0014-512.png",
                "status_text_canonical": "",
                "team": "T086QJLMH2T"
            },
            "is_admin": true,
            "is_owner": true,
            "is_primary_owner": true,
            "is_restricted": false,
            "is_ultra_restricted": false,
            "is_bot": false,
            "is_app_user": false,
            "updated": 1735880208,
            "is_email_confirmed": true,
            "who_can_share_contact_card": "EVERYONE"
        }
    ],
    "cache_ts": 1735908680,
    "response_metadata": {
        "next_cursor": ""
    }
}
